\BOOKMARK [1][-]{section*.3}{A Note to The Reader}{}% 1
\BOOKMARK [1][-]{section.1}{Hardware Interaction}{}% 2
\BOOKMARK [2][-]{subsection.1.1}{Device Tree Overlays and .dts Files}{section.1}% 3
\BOOKMARK [2][-]{subsection.1.2}{C++ Access}{section.1}% 4
\BOOKMARK [3][-]{subsubsection.1.2.1}{General Purpose Input/Output \(GPIO\) Pins}{subsection.1.2}% 5
\BOOKMARK [3][-]{subsubsection.1.2.2}{Analog to Digital Converters}{subsection.1.2}% 6
\BOOKMARK [3][-]{subsubsection.1.2.3}{Pulse Width Modulated \(PWM\) Signal}{subsection.1.2}% 7
\BOOKMARK [3][-]{subsubsection.1.2.4}{Quadrature Encoders}{subsection.1.2}% 8
\BOOKMARK [3][-]{subsubsection.1.2.5}{DC Motor}{subsection.1.2}% 9
\BOOKMARK [3][-]{subsubsection.1.2.6}{Servomotor}{subsection.1.2}% 10
\BOOKMARK [1][-]{section.2}{Robot Control - ROS}{}% 11
\BOOKMARK [2][-]{subsubsection.2.0.1}{DC Motor ROS Node}{section.2}% 12
\BOOKMARK [3][-]{subsubsection.2.0.2}{GRIPPER ROS Node}{subsubsection.2.0.1}% 13
\BOOKMARK [1][-]{section.3}{GUI}{}% 14
\BOOKMARK [2][-]{subsubsection.3.0.1}{ROS\137READER}{section.3}% 15
\BOOKMARK [3][-]{subsubsection.3.0.2}{datasend\137Callback}{subsubsection.3.0.1}% 16
\BOOKMARK [3][-]{subsubsection.3.0.3}{startbutton\137Callback}{subsubsection.3.0.1}% 17
\BOOKMARK [3][-]{subsubsection.3.0.4}{PathFollowPendulum}{subsubsection.3.0.1}% 18
\BOOKMARK [3][-]{subsubsection.3.0.5}{Camera Image Processing}{subsubsection.3.0.1}% 19
\BOOKMARK [3][-]{subsubsection.3.0.6}{imageprocess\137Callback}{subsubsection.3.0.1}% 20
